2021-12-22 19:47:12,488  INFO [main] Log:12 - HomePage opened
2021-12-22 19:47:13,430  INFO [main] Log:12 - Entered item name in search box
2021-12-22 19:47:16,111  INFO [main] Log:12 - Search button clicked
2021-12-22 19:47:16,114  INFO [main] Log:12 - Search Result page
2021-12-22 19:47:18,142  INFO [main] Log:12 - Category selected
2021-12-22 19:47:18,310  INFO [main] Log:12 - Product name :
 Allen Solly
Men's Jacket
2021-12-22 19:47:18,411  INFO [main] Log:12 - Product price :
 1,539
2021-12-22 19:47:18,604  INFO [main] Log:12 - Product opened in new tab
2021-12-22 19:47:18,605  INFO [main] Log:12 - ProductPage opened
2021-12-22 19:47:18,622  INFO [main] Log:12 - Switched to new tab
2021-12-22 19:47:23,395  INFO [main] Log:12 - Size selected
2021-12-22 19:47:24,625  INFO [main] Log:12 - Product added to cart
2021-12-22 19:47:24,627  INFO [main] Log:12 - CartPage opened
2021-12-22 19:47:26,135  INFO [main] Log:12 - Cart button clicked
2021-12-22 19:47:26,587 DEBUG [main] cache:45 - Couldn't find template in cache for "Extent.ftl"("en_US", UTF-8, parsed); will try to load it.
2021-12-22 19:47:26,588 DEBUG [main] cache:45 - TemplateLoader.findTemplateSource("Extent_en_US.ftl"): Not found
2021-12-22 19:47:26,590 DEBUG [main] cache:45 - TemplateLoader.findTemplateSource("Extent_en.ftl"): Not found
2021-12-22 19:47:26,591 DEBUG [main] cache:45 - TemplateLoader.findTemplateSource("Extent.ftl"): Found
2021-12-22 19:47:26,591 DEBUG [main] cache:45 - Loading template for "Extent.ftl"("en_US", UTF-8, parsed) from "jar:file:/C:/Users/LENOVO/.m2/repository/com/relevantcodes/extentreports/2.41.2/extentreports-2.41.2.jar!/com/relevantcodes/extentreports/view/Extent.ftl"
2021-12-22 19:47:26,723 DEBUG [main] cache:45 - Couldn't find template in cache for "Extent.ftl"("en_US", UTF-8, parsed); will try to load it.
2021-12-22 19:47:26,723 DEBUG [main] cache:45 - TemplateLoader.findTemplateSource("Extent_en_US.ftl"): Not found
2021-12-22 19:47:26,723 DEBUG [main] cache:45 - TemplateLoader.findTemplateSource("Extent_en.ftl"): Not found
2021-12-22 19:47:26,724 DEBUG [main] cache:45 - TemplateLoader.findTemplateSource("Extent.ftl"): Found
2021-12-22 19:47:26,724 DEBUG [main] cache:45 - Loading template for "Extent.ftl"("en_US", UTF-8, parsed) from "jar:file:/C:/Users/LENOVO/.m2/repository/com/relevantcodes/extentreports/2.41.2/extentreports-2.41.2.jar!/com/relevantcodes/extentreports/view/Extent.ftl"
[main] INFO  utilities.Log  - HomePage opened
[main] INFO  utilities.Log  - Entered item name in search box
[main] INFO  utilities.Log  - Search button clicked
[main] INFO  utilities.Log  - Search Result page
[main] INFO  utilities.Log  - HomePage opened
[main] INFO  utilities.Log  - Entered item name in search box
[main] INFO  utilities.Log  - Search button clicked
[main] INFO  utilities.Log  - Search Result page
[main] INFO  utilities.Log  - Category selected
[main] INFO  utilities.Log  - Product name :
 Allen Solly
Men's Jacket
[main] INFO  utilities.Log  - Product price :
 1,539
[main] INFO  utilities.Log  - Product opened in new tab
[main] INFO  utilities.Log  - ProductPage opened
[main] INFO  utilities.Log  - Switched to new tab
[main] INFO  utilities.Log  - Size selected
[main] INFO  utilities.Log  - Product added to cart
[main] INFO  utilities.Log  - CartPage opened
[main] INFO  utilities.Log  - Cart button clicked
[main] INFO  utilities.Log  - HomePage opened
[main] INFO  utilities.Log  - Entered item name in search box
[main] INFO  utilities.Log  - Search button clicked
[main] INFO  utilities.Log  - Search Result page
[main] INFO  utilities.Log  - Category selected
[main] INFO  utilities.Log  - Product name :
 Allen Solly
Men's Jacket
[main] INFO  utilities.Log  - Product price :
 1,499
[main] INFO  utilities.Log  - Product opened in new tab
[main] INFO  utilities.Log  - ProductPage opened
[main] INFO  utilities.Log  - Switched to new tab
[main] INFO  utilities.Log  - Size selected
[main] INFO  utilities.Log  - Product added to cart
[main] INFO  utilities.Log  - CartPage opened
[main] INFO  utilities.Log  - Cart button clicked
[main] INFO  utilities.Log  - HomePage opened
[main] INFO  utilities.Log  - Entered item name in search box
[main] INFO  utilities.Log  - Search button clicked
[main] INFO  utilities.Log  - Search Result page
[main] INFO  utilities.Log  - Category selected
[main] INFO  utilities.Log  - Product name :
 Allen Solly
Men's Jacket
[main] INFO  utilities.Log  - Product price :
 1,499
[main] INFO  utilities.Log  - Product opened in new tab
[main] INFO  utilities.Log  - ProductPage opened
[main] INFO  utilities.Log  - Switched to new tab
[main] INFO  utilities.Log  - Size selected
[main] INFO  utilities.Log  - Product added to cart
[main] INFO  utilities.Log  - CartPage opened
[main] INFO  utilities.Log  - Cart button clicked
[main] INFO  utilities.Log  - HomePage opened
[main] INFO  utilities.Log  - Entered item name in search box
[main] INFO  utilities.Log  - Search button clicked
[main] INFO  utilities.Log  - Search Result page
[main] INFO  utilities.Log  - HomePage opened
[main] INFO  utilities.Log  - Entered item name in search box
[main] INFO  utilities.Log  - Search button clicked
[main] INFO  utilities.Log  - Search Result page
[main] INFO  utilities.Log  - HomePage opened
[main] INFO  utilities.Log  - Entered item name in search box
[main] INFO  utilities.Log  - Search button clicked
[main] INFO  utilities.Log  - Search Result page
[main] INFO  utilities.Log  - HomePage opened
[main] INFO  utilities.Log  - Entered item name in search box
[main] INFO  utilities.Log  - Search button clicked
[main] INFO  utilities.Log  - Search Result page
[main] INFO  utilities.Log  - HomePage opened
[main] INFO  utilities.Log  - Entered item name in search box
[main] INFO  utilities.Log  - Search button clicked
[main] INFO  utilities.Log  - Search Result page
[main] INFO  utilities.Log  - HomePage opened
[main] INFO  utilities.Log  - Entered item name in search box
[main] INFO  utilities.Log  - Search button clicked
[main] INFO  utilities.Log  - Search Result page
[main] INFO  utilities.Log  - HomePage opened
[main] INFO  utilities.Log  - Entered item name in search box
[main] INFO  utilities.Log  - Search button clicked
[main] INFO  utilities.Log  - Search Result page
[main] INFO  utilities.Log  - HomePage opened
[main] INFO  utilities.Log  - Entered item name in search box
[main] INFO  utilities.Log  - Search button clicked
[main] INFO  utilities.Log  - Search Result page
[main] INFO  utilities.Log  - Category selected
[main] INFO  utilities.Log  - Product name :
 Allen Solly
Men's Jacket
[main] INFO  utilities.Log  - Product price :
 1,499
[main] INFO  utilities.Log  - Product opened in new tab
[main] INFO  utilities.Log  - ProductPage opened
[main] INFO  utilities.Log  - Switched to new tab
[main] INFO  utilities.Log  - Size selected
[main] INFO  utilities.Log  - Product added to cart
[main] INFO  utilities.Log  - CartPage opened
[main] INFO  utilities.Log  - Cart button clicked
[main] INFO  utilities.Log  - HomePage opened
[main] INFO  utilities.Log  - Entered item name in search box
[main] INFO  utilities.Log  - Search button clicked
[main] INFO  utilities.Log  - Search Result page
[main] INFO  utilities.Log  - HomePage opened
[main] INFO  utilities.Log  - Entered item name in search box
[main] INFO  utilities.Log  - Search button clicked
[main] INFO  utilities.Log  - Search Result page
[main] INFO  utilities.Log  - HomePage opened
[main] INFO  utilities.Log  - Entered item name in search box
[main] INFO  utilities.Log  - Search button clicked
[main] INFO  utilities.Log  - Search Result page
[main] INFO  utilities.Log  - HomePage opened
[main] INFO  utilities.Log  - Entered item name in search box
[main] INFO  utilities.Log  - Search button clicked
[main] INFO  utilities.Log  - Search Result page
[main] INFO  utilities.Log  - HomePage opened
[main] INFO  utilities.Log  - Entered item name in search box
[main] INFO  utilities.Log  - Search button clicked
[main] INFO  utilities.Log  - Search Result page
[main] INFO  utilities.Log  - HomePage opened
[main] INFO  utilities.Log  - Entered item name in search box
[main] INFO  utilities.Log  - Search button clicked
[main] INFO  utilities.Log  - Search Result page
[main] INFO  utilities.Log  - HomePage opened
[main] INFO  utilities.Log  - Entered item name in search box
[main] INFO  utilities.Log  - Search button clicked
[main] INFO  utilities.Log  - Search Result page
[main] INFO  utilities.Log  - HomePage opened
[main] INFO  utilities.Log  - Entered item name in search box
[main] INFO  utilities.Log  - Search button clicked
[main] INFO  utilities.Log  - Search Result page
[main] INFO  utilities.Log  - HomePage opened
[main] INFO  utilities.Log  - Entered item name in search box
[main] INFO  utilities.Log  - Search button clicked
[main] INFO  utilities.Log  - Search Result page
[main] INFO  utilities.Log  - HomePage opened
[main] INFO  utilities.Log  - Entered item name in search box
[main] INFO  utilities.Log  - Search button clicked
[main] INFO  utilities.Log  - Search Result page
[main] INFO  utilities.Log  - Category selected
[main] INFO  utilities.Log  - Product name :
 Allen Solly
Men's Jacket
[main] INFO  utilities.Log  - Product price :
 1,499
[main] INFO  utilities.Log  - Product opened in new tab
[main] INFO  utilities.Log  - ProductPage opened
[main] INFO  utilities.Log  - Switched to new tab
[main] INFO  utilities.Log  - Size selected
[main] INFO  utilities.Log  - Product added to cart
[main] INFO  utilities.Log  - CartPage opened
[main] INFO  utilities.Log  - Cart button clicked
[main] INFO  utilities.Log  - HomePage opened
[main] INFO  utilities.Log  - Entered item name in search box
[main] INFO  utilities.Log  - HomePage opened
[main] INFO  utilities.Log  - Entered item name in search box
[main] INFO  utilities.Log  - Search button clicked
[main] INFO  utilities.Log  - Search Result page
[main] INFO  utilities.Log  - Category selected
[main] INFO  utilities.Log  - Product name :
 Sponsored
Ben Martin
Casual Jacket Stand Collar Zipper Design Regular Jacket Outerwear-(BM-JKT-FS-19972)
[main] INFO  utilities.Log  - Product price :
 799
[main] INFO  utilities.Log  - Search button clicked
[main] INFO  utilities.Log  - Search Result page
[main] INFO  utilities.Log  - Product opened in new tab
[main] INFO  utilities.Log  - ProductPage opened
[main] INFO  utilities.Log  - Switched to new tab
[main] INFO  utilities.Log  - Category selected
[main] INFO  utilities.Log  - Product name :
 Allen Solly
Men's Jacket
[main] INFO  utilities.Log  - Product price :
 1,499
[main] INFO  utilities.Log  - Product opened in new tab
[main] INFO  utilities.Log  - ProductPage opened
[main] INFO  utilities.Log  - Switched to new tab
[main] INFO  utilities.Log  - Size selected
[main] INFO  utilities.Log  - Product added to cart
[main] INFO  utilities.Log  - CartPage opened
[main] INFO  utilities.Log  - Cart button clicked
[main] INFO  utilities.Log  - Size selected
[main] INFO  utilities.Log  - Product added to cart
[main] INFO  utilities.Log  - CartPage opened
[main] INFO  utilities.Log  - Cart button clicked
[main] INFO  utilities.Log  - HomePage opened
[main] INFO  utilities.Log  - Entered item name in search box
[main] INFO  utilities.Log  - Search button clicked
[main] INFO  utilities.Log  - Search Result page
[main] INFO  utilities.Log  - Category selected
[main] INFO  utilities.Log  - Product name :
 Allen Solly
Men's Jacket
[main] INFO  utilities.Log  - Product price :
 1,649
[main] INFO  utilities.Log  - Product opened in new tab
[main] INFO  utilities.Log  - ProductPage opened
[main] INFO  utilities.Log  - Switched to new tab
[main] INFO  utilities.Log  - Size selected
[main] INFO  utilities.Log  - Product added to cart
[main] INFO  utilities.Log  - CartPage opened
[main] INFO  utilities.Log  - Cart button clicked
[main] INFO  utilities.Log  - HomePage opened
[main] INFO  utilities.Log  - HomePage opened
[main] INFO  utilities.Log  - faqs closed
[main] INFO  utilities.Log  - HomePage opened
[main] INFO  utilities.Log  - faqs closed
[main] INFO  utilities.Log  - HomePage opened
[main] INFO  utilities.Log  - faqs closed
[main] INFO  utilities.Log  - search icon clicked
[main] INFO  utilities.Log  - Entered item name in search box
[main] INFO  utilities.Log  - Search button clicked
[main] INFO  utilities.Log  - Search Result page
[main] INFO  utilities.Log  - HomePage opened
[main] INFO  utilities.Log  - faqs closed
[main] INFO  utilities.Log  - search icon clicked
[main] INFO  utilities.Log  - Entered item name in search box
[main] INFO  utilities.Log  - Search button clicked
[main] INFO  utilities.Log  - HomePage opened
[main] INFO  utilities.Log  - faqs closed
[main] INFO  utilities.Log  - search icon clicked
[main] INFO  utilities.Log  - Entered item name in search box
[main] INFO  utilities.Log  - Search button clicked
[main] INFO  utilities.Log  - HomePage opened
[main] INFO  utilities.Log  - faqs closed
[main] INFO  utilities.Log  - search icon clicked
[main] INFO  utilities.Log  - Entered item name in search box
[main] INFO  utilities.Log  - Search button clicked
[main] INFO  utilities.Log  - HomePage opened
[main] INFO  utilities.Log  - faqs closed
[main] INFO  utilities.Log  - search icon clicked
[main] INFO  utilities.Log  - Entered item name in search box
[main] INFO  utilities.Log  - Search button clicked
[main] INFO  utilities.Log  - ProductPage opened
[main] INFO  utilities.Log  - Search Result page
[main] INFO  utilities.Log  - HomePage opened
[main] INFO  utilities.Log  - faqs closed
[main] INFO  utilities.Log  - search icon clicked
[main] INFO  utilities.Log  - Entered item name in search box
[main] INFO  utilities.Log  - Search button clicked
[main] INFO  utilities.Log  - ProductPage opened
[main] INFO  utilities.Log  - Search Result page
[main] INFO  utilities.Log  - Product opened in new tab
[main] INFO  utilities.Log  - HomePage opened
[main] INFO  utilities.Log  - faqs closed
[main] INFO  utilities.Log  - search icon clicked
[main] INFO  utilities.Log  - Entered item name in search box
[main] INFO  utilities.Log  - Search button clicked
[main] INFO  utilities.Log  - ProductPage opened
[main] INFO  utilities.Log  - Search Result page
[main] INFO  utilities.Log  - HomePage opened
[main] INFO  utilities.Log  - faqs closed
[main] INFO  utilities.Log  - search icon clicked
[main] INFO  utilities.Log  - Entered item name in search box
[main] INFO  utilities.Log  - Search button clicked
[main] INFO  utilities.Log  - ProductPage opened
[main] INFO  utilities.Log  - Search Result page
[main] INFO  utilities.Log  - HomePage opened
[main] INFO  utilities.Log  - faqs closed
[main] INFO  utilities.Log  - search icon clicked
[main] INFO  utilities.Log  - Entered item name in search box
[main] INFO  utilities.Log  - Search button clicked
[main] INFO  utilities.Log  - ProductPage opened
[main] INFO  utilities.Log  - Search Result page
[main] INFO  utilities.Log  - HomePage opened
[main] INFO  utilities.Log  - faqs closed
[main] INFO  utilities.Log  - search icon clicked
[main] INFO  utilities.Log  - Entered item name in search box
[main] INFO  utilities.Log  - Search button clicked
[main] INFO  utilities.Log  - ProductPage opened
[main] INFO  utilities.Log  - Search Result page
[main] INFO  utilities.Log  - Product opened in new tab
[main] INFO  utilities.Log  - HomePage opened
[main] INFO  utilities.Log  - faqs closed
[main] INFO  utilities.Log  - search icon clicked
[main] INFO  utilities.Log  - Entered item name in search box
[main] INFO  utilities.Log  - Search button clicked
[main] INFO  utilities.Log  - ProductPage opened
[main] INFO  utilities.Log  - Search Result page
[main] INFO  utilities.Log  - Product opened in new tab
[main] INFO  utilities.Log  - HomePage opened
[main] INFO  utilities.Log  - faqs closed
[main] INFO  utilities.Log  - search icon clicked
[main] INFO  utilities.Log  - Entered item name in search box
[main] INFO  utilities.Log  - Search button clicked
[main] INFO  utilities.Log  - ProductPage opened
[main] INFO  utilities.Log  - Search Result page
[main] INFO  utilities.Log  - Product opened in new tab
[main] INFO  utilities.Log  - HomePage opened
[main] INFO  utilities.Log  - faqs closed
[main] INFO  utilities.Log  - search icon clicked
[main] INFO  utilities.Log  - Entered item name in search box
[main] INFO  utilities.Log  - Search button clicked
[main] INFO  utilities.Log  - ProductPage opened
[main] INFO  utilities.Log  - Search Result page
[main] INFO  utilities.Log  - Product opened in new tab
[main] INFO  utilities.Log  - HomePage opened
[main] INFO  utilities.Log  - faqs closed
[main] INFO  utilities.Log  - search icon clicked
[main] INFO  utilities.Log  - Entered item name in search box
[main] INFO  utilities.Log  - Search button clicked
[main] INFO  utilities.Log  - ProductPage opened
[main] INFO  utilities.Log  - Search Result page
[main] INFO  utilities.Log  - Product opened in new tab
[main] INFO  utilities.Log  - HomePage opened
[main] INFO  utilities.Log  - faqs closed
[main] INFO  utilities.Log  - search icon clicked
[main] INFO  utilities.Log  - Entered item name in search box
[main] INFO  utilities.Log  - Search button clicked
[main] INFO  utilities.Log  - ProductPage opened
[main] INFO  utilities.Log  - Search Result page
[main] INFO  utilities.Log  - Product opened in new tab
[main] INFO  utilities.Log  - HomePage opened
[main] INFO  utilities.Log  - faqs closed
[main] INFO  utilities.Log  - search icon clicked
[main] INFO  utilities.Log  - Entered item name in search box
[main] INFO  utilities.Log  - Search button clicked
[main] INFO  utilities.Log  - ProductPage opened
[main] INFO  utilities.Log  - Search Result page
[main] INFO  utilities.Log  - Product opened in new tab
[main] INFO  utilities.Log  - HomePage opened
[main] INFO  utilities.Log  - faqs closed
[main] INFO  utilities.Log  - search icon clicked
[main] INFO  utilities.Log  - Entered item name in search box
[main] INFO  utilities.Log  - Search button clicked
[main] INFO  utilities.Log  - ProductPage opened
[main] INFO  utilities.Log  - Search Result page
[main] INFO  utilities.Log  - Product opened in new tab
[main] INFO  utilities.Log  - HomePage opened
[main] INFO  utilities.Log  - ProductPage opened
[main] INFO  utilities.Log  - Search Result page
[main] INFO  utilities.Log  - HomePage opened
[main] INFO  utilities.Log  - faqs closed
[main] INFO  utilities.Log  - search icon clicked
[main] INFO  utilities.Log  - Entered item name in search box
[main] INFO  utilities.Log  - Search button clicked
[main] INFO  utilities.Log  - ProductPage opened
[main] INFO  utilities.Log  - Search Result page
[main] INFO  utilities.Log  - Product opened in new tab
[main] INFO  utilities.Log  - HomePage opened
[main] INFO  utilities.Log  - ProductPage opened
[main] INFO  utilities.Log  - Search Result page
[main] INFO  utilities.Log  - HomePage opened
[main] INFO  utilities.Log  - faqs closed
[main] INFO  utilities.Log  - search icon clicked
[main] INFO  utilities.Log  - Entered item name in search box
[main] INFO  utilities.Log  - Search button clicked
[main] INFO  utilities.Log  - HomePage opened
[main] INFO  utilities.Log  - HomePage opened
[main] INFO  utilities.Log  - faqs closed
[main] INFO  utilities.Log  - search icon clicked
[main] INFO  utilities.Log  - Entered item name in search box
[main] INFO  utilities.Log  - Search button clicked
[main] INFO  utilities.Log  - ProductPage opened
[main] INFO  utilities.Log  - Search Result page
[main] INFO  utilities.Log  - Product opened in new tab
[main] INFO  utilities.Log  - HomePage opened
[main] INFO  utilities.Log  - faqs closed
[main] INFO  utilities.Log  - search icon clicked
[main] INFO  utilities.Log  - Entered item name in search box
[main] INFO  utilities.Log  - Search button clicked
[main] INFO  utilities.Log  - ProductPage opened
[main] INFO  utilities.Log  - Search Result page
[main] INFO  utilities.Log  - Product opened in new tab
[main] INFO  utilities.Log  - HomePage opened
[main] INFO  utilities.Log  - faqs closed
[main] INFO  utilities.Log  - search icon clicked
[main] INFO  utilities.Log  - Entered item name in search box
[main] INFO  utilities.Log  - Search button clicked
[main] INFO  utilities.Log  - ProductPage opened
[main] INFO  utilities.Log  - Search Result page
[main] INFO  utilities.Log  - Product opened in new tab
[main] INFO  utilities.Log  - HomePage opened
[main] INFO  utilities.Log  - faqs closed
[main] INFO  utilities.Log  - search icon clicked
[main] INFO  utilities.Log  - Entered item name in search box
[main] INFO  utilities.Log  - Search button clicked
[main] INFO  utilities.Log  - ProductPage opened
[main] INFO  utilities.Log  - Search Result page
[main] INFO  utilities.Log  - Product opened in new tab
[main] INFO  utilities.Log  - HomePage opened
[main] INFO  utilities.Log  - faqs closed
[main] INFO  utilities.Log  - search icon clicked
[main] INFO  utilities.Log  - Entered item name in search box
[main] INFO  utilities.Log  - Search button clicked
[main] INFO  utilities.Log  - ProductPage opened
[main] INFO  utilities.Log  - Search Result page
[main] INFO  utilities.Log  - Product opened in new tab
[main] INFO  utilities.Log  - HomePage opened
[main] INFO  utilities.Log  - faqs closed
[main] INFO  utilities.Log  - search icon clicked
[main] INFO  utilities.Log  - Entered item name in search box
[main] INFO  utilities.Log  - Search button clicked
[main] INFO  utilities.Log  - ProductPage opened
[main] INFO  utilities.Log  - Search Result page
[main] INFO  utilities.Log  - Product opened in new tab
